2025-11-17 00:33:04 [INFO]: PUT /api/todos/691a56e7d3fff1c7ee625526 - 17/11/2025 00:33:04
2025-11-17 00:33:29 [INFO]: PUT /api/todos/691a56e7d3fff1c7ee62552 - 17/11/2025 00:33:29
2025-11-17 00:34:29 [INFO]: PUT /api/todos/691a56e7d3fff1c7ee62552 - 17/11/2025 00:34:29
2025-11-17 00:34:35 [INFO]: PUT /api/todos/691a56e7d3fff1c7ee625526 - 17/11/2025 00:34:35
2025-11-17 00:34:43 [INFO]: GET /api/todos - 17/11/2025 00:34:43
2025-11-17 00:43:28 [INFO]: GET /api/todos - 17/11/2025 00:43:28
2025-11-17 00:43:28 [ERROR]: logger is not defined
2025-11-17 00:44:31 [INFO]: GET /api/todos - 17/11/2025 00:44:31
2025-11-17 00:44:31 [INFO]: Retrieved 2 todos
2025-11-17 00:44:46 [INFO]: PUT /api/todos/691a56e7d3fff1c7ee625526 - 17/11/2025 00:44:46
2025-11-17 00:44:46 [INFO]: Todo updated: 691a56e7d3fff1c7ee625526
2025-11-17 00:45:00 [INFO]: POST /api/todos - 17/11/2025 00:45:00
2025-11-17 00:45:00 [INFO]: Todo created: 691a61fcbaf73a5fd331a795
2025-11-17 00:45:23 [INFO]: PUT /api/todos/691a56e7d3fff1c7ee62552 - 17/11/2025 00:45:23
2025-11-17 00:45:23 [WARN]: Invalid ID for update: 691a56e7d3fff1c7ee62552
2025-11-17 00:45:43 [INFO]: PUT /api/todos/691a56e7d3fff1c7ee625526 - 17/11/2025 00:45:43
2025-11-17 00:45:43 [INFO]: Todo updated: 691a56e7d3fff1c7ee625526
2025-11-17 01:54:49 [INFO]: GET /metrics - 17/11/2025 01:54:49
2025-11-17 01:55:11 [INFO]: GET /metrics - 17/11/2025 01:55:11
2025-11-17 01:56:29 [INFO]: GET /metrics - 17/11/2025 01:56:29
2025-11-17 01:56:32 [INFO]: GET /metrics - 17/11/2025 01:56:32
2025-11-17 01:56:42 [INFO]: POST /api/todos - 17/11/2025 01:56:42
2025-11-17 01:56:42 [INFO]: Todo created: 691a72cabd9aea74b5f9650f
2025-11-17 01:56:46 [INFO]: PUT /api/todos/691a56e7d3fff1c7ee625526 - 17/11/2025 01:56:46
2025-11-17 01:56:46 [INFO]: Todo updated: 691a56e7d3fff1c7ee625526
2025-11-17 01:56:50 [INFO]: GET /api/todos/691a56e7d3fff1c7ee625526 - 17/11/2025 01:56:50
2025-11-17 01:56:50 [INFO]: Todo fetched: 691a56e7d3fff1c7ee625526
2025-11-17 01:56:53 [INFO]: GET /api/todos - 17/11/2025 01:56:53
2025-11-17 01:56:53 [INFO]: Retrieved 4 todos
2025-11-17 01:56:57 [INFO]: GET /metrics - 17/11/2025 01:56:57
2025-11-17 02:02:56 [INFO]: GET /api/todos/691a56e7d3fff1c7ee625526 - 17/11/2025 02:02:56
2025-11-17 02:02:56 [INFO]: Todo fetched: 691a56e7d3fff1c7ee625526
2025-11-17 02:03:00 [INFO]: POST /api/todos - 17/11/2025 02:03:00
2025-11-17 02:03:00 [INFO]: Todo created: 691a74440ab59d117d35bde9
2025-11-17 02:03:20 [INFO]: GET /metrics - 17/11/2025 02:03:20
2025-11-17 02:03:57 [INFO]: GET /monitor - 17/11/2025 02:03:57
2025-11-17 02:04:20 [INFO]: POST /api/todos - 17/11/2025 02:04:20
2025-11-17 02:04:20 [INFO]: Todo created: 691a74940ab59d117d35bdeb
2025-11-17 02:04:24 [INFO]: GET /api/todos - 17/11/2025 02:04:24
2025-11-17 02:04:24 [INFO]: Retrieved 6 todos
2025-11-17 02:04:27 [INFO]: GET /monitor - 17/11/2025 02:04:27
2025-11-17 10:47:20 [INFO]: POST /api/todos - 17/11/2025 10:47:20
2025-11-17 10:47:20 [INFO]: Todo created: 691aef28c831703961ab25f4
2025-11-17 10:47:20 [INFO]: GET /api/todos - 17/11/2025 10:47:20
2025-11-17 10:47:20 [INFO]: Retrieved 2 todos
2025-11-17 10:47:20 [INFO]: GET /api/todos/691aef28c831703961ab2600 - 17/11/2025 10:47:20
2025-11-17 10:47:20 [INFO]: Todo fetched: 691aef28c831703961ab2600
2025-11-17 10:47:20 [INFO]: PUT /api/todos/691aef28c831703961ab2605 - 17/11/2025 10:47:20
2025-11-17 10:47:20 [INFO]: Todo updated: 691aef28c831703961ab2605
2025-11-17 10:47:20 [INFO]: DELETE /api/todos/691aef28c831703961ab2609 - 17/11/2025 10:47:20
2025-11-17 10:47:20 [INFO]: Todo deleted: 691aef28c831703961ab2609
2025-11-17 10:50:05 [INFO]: POST /api/todos - 17/11/2025 10:50:05
2025-11-17 10:50:05 [INFO]: Todo created: 691aefcd49d75667b2a74bbe
2025-11-17 10:50:05 [INFO]: GET /api/todos - 17/11/2025 10:50:05
2025-11-17 10:50:05 [INFO]: Retrieved 2 todos
2025-11-17 10:50:06 [INFO]: GET /api/todos/691aefcd49d75667b2a74bcb - 17/11/2025 10:50:06
2025-11-17 10:50:06 [INFO]: Todo fetched: 691aefcd49d75667b2a74bcb
2025-11-17 10:50:06 [INFO]: PUT /api/todos/691aefce49d75667b2a74bcf - 17/11/2025 10:50:06
2025-11-17 10:50:06 [INFO]: Todo updated: 691aefce49d75667b2a74bcf
2025-11-17 10:50:06 [INFO]: DELETE /api/todos/691aefce49d75667b2a74bd3 - 17/11/2025 10:50:06
2025-11-17 10:50:06 [INFO]: Todo deleted: 691aefce49d75667b2a74bd3
2025-11-17 11:06:19 [INFO]: POST /api/todos - 17/11/2025 11:06:19
2025-11-17 11:06:19 [INFO]: Todo created: 691af39bb702f1606556d709
2025-11-17 11:06:19 [INFO]: GET /api/todos - 17/11/2025 11:06:19
2025-11-17 11:06:19 [INFO]: Retrieved 2 todos
2025-11-17 11:06:19 [INFO]: GET /api/todos/691af39bb702f1606556d716 - 17/11/2025 11:06:19
2025-11-17 11:06:19 [INFO]: Todo fetched: 691af39bb702f1606556d716
2025-11-17 11:06:19 [INFO]: PUT /api/todos/691af39bb702f1606556d71a - 17/11/2025 11:06:19
2025-11-17 11:06:20 [INFO]: Todo updated: 691af39bb702f1606556d71a
2025-11-17 11:06:20 [INFO]: DELETE /api/todos/691af39cb702f1606556d71e - 17/11/2025 11:06:20
2025-11-17 11:06:20 [INFO]: Todo deleted: 691af39cb702f1606556d71e
2025-11-17 11:08:00 [INFO]: POST /api/todos - 17/11/2025 11:08:00
2025-11-17 11:08:00 [INFO]: Todo created: 691af4009cc662b6e7f43931
2025-11-17 11:08:00 [INFO]: GET /api/todos - 17/11/2025 11:08:00
2025-11-17 11:08:00 [INFO]: Retrieved 2 todos
2025-11-17 11:08:00 [INFO]: GET /api/todos/691af4009cc662b6e7f4393e - 17/11/2025 11:08:00
2025-11-17 11:08:00 [INFO]: Todo fetched: 691af4009cc662b6e7f4393e
2025-11-17 11:08:00 [INFO]: PUT /api/todos/691af4009cc662b6e7f43942 - 17/11/2025 11:08:00
2025-11-17 11:08:00 [INFO]: Todo updated: 691af4009cc662b6e7f43942
2025-11-17 11:08:00 [INFO]: DELETE /api/todos/691af4009cc662b6e7f43946 - 17/11/2025 11:08:00
2025-11-17 11:08:00 [INFO]: Todo deleted: 691af4009cc662b6e7f43946
2025-11-17 11:11:54 [INFO]: POST /api/todos - 17/11/2025 11:11:54
2025-11-17 11:11:54 [INFO]: Todo created: 691af4ea7b53c9f08c8331a3
2025-11-17 11:11:54 [INFO]: GET /api/todos - 17/11/2025 11:11:54
2025-11-17 11:11:54 [INFO]: Retrieved 2 todos
2025-11-17 11:11:54 [INFO]: GET /api/todos/691af4ea7b53c9f08c8331b0 - 17/11/2025 11:11:54
2025-11-17 11:11:54 [INFO]: Todo fetched: 691af4ea7b53c9f08c8331b0
2025-11-17 11:11:54 [INFO]: PUT /api/todos/691af4ea7b53c9f08c8331b4 - 17/11/2025 11:11:54
2025-11-17 11:11:54 [INFO]: Todo updated: 691af4ea7b53c9f08c8331b4
2025-11-17 11:11:54 [INFO]: DELETE /api/todos/691af4ea7b53c9f08c8331b8 - 17/11/2025 11:11:54
2025-11-17 11:11:54 [INFO]: Todo deleted: 691af4ea7b53c9f08c8331b8
2025-11-17 11:45:29 [INFO]: POST /api/todos - 17/11/2025 11:45:29
2025-11-17 11:45:29 [INFO]: Todo created: 691afcc9c1b3a2f852845fee
2025-11-17 11:46:48 [INFO]: POST /api/todos - 17/11/2025 11:46:47
2025-11-17 11:46:48 [INFO]: Todo created: 691afd18afa58f2f9533917c
2025-11-17 15:26:27 [INFO]: Todo created: 123
2025-11-17 15:26:27 [INFO]: Retrieved 2 todos
2025-11-17 15:26:27 [WARN]: Invalid ID format: 123
2025-11-17 15:26:27 [WARN]: Invalid ID format: 123
2025-11-17 15:26:27 [WARN]: Invalid ID for update: 123
2025-11-17 15:26:27 [WARN]: Invalid ID for update: 123
2025-11-17 15:26:27 [WARN]: Invalid ID for delete: 123
2025-11-17 15:26:27 [WARN]: Invalid ID for delete: 123
2025-11-17 15:26:28 [INFO]: POST /api/todos - 17/11/2025 15:26:28
2025-11-17 15:26:28 [INFO]: Todo created: 691b30942abd6e7f93d93e2b
2025-11-17 15:26:28 [INFO]: GET /api/todos - 17/11/2025 15:26:28
2025-11-17 15:26:28 [INFO]: Retrieved 2 todos
2025-11-17 15:26:28 [INFO]: GET /api/todos/691b30942abd6e7f93d93e38 - 17/11/2025 15:26:28
2025-11-17 15:26:28 [INFO]: Todo fetched: 691b30942abd6e7f93d93e38
2025-11-17 15:26:28 [INFO]: PUT /api/todos/691b30942abd6e7f93d93e3c - 17/11/2025 15:26:28
2025-11-17 15:26:28 [INFO]: Todo updated: 691b30942abd6e7f93d93e3c
2025-11-17 15:26:28 [INFO]: DELETE /api/todos/691b30942abd6e7f93d93e40 - 17/11/2025 15:26:28
2025-11-17 15:26:28 [INFO]: Todo deleted: 691b30942abd6e7f93d93e40
2025-11-17 15:28:12 [INFO]: Todo created: 123
2025-11-17 15:28:12 [INFO]: Retrieved 2 todos
2025-11-17 15:28:12 [WARN]: Invalid ID format: 123
2025-11-17 15:28:12 [WARN]: Invalid ID format: 123
2025-11-17 15:28:12 [WARN]: Invalid ID for update: 123
2025-11-17 15:28:12 [WARN]: Invalid ID for update: 123
2025-11-17 15:28:12 [WARN]: Invalid ID for delete: 123
2025-11-17 15:28:12 [WARN]: Invalid ID for delete: 123
2025-11-17 15:28:13 [INFO]: POST /api/todos - 17/11/2025 15:28:13
2025-11-17 15:28:13 [INFO]: Todo created: 691b30fd343ff7fd169a9f9c
2025-11-17 15:28:13 [INFO]: GET /api/todos - 17/11/2025 15:28:13
2025-11-17 15:28:13 [INFO]: Retrieved 2 todos
2025-11-17 15:28:13 [INFO]: GET /api/todos/691b30fd343ff7fd169a9fa9 - 17/11/2025 15:28:13
2025-11-17 15:28:13 [INFO]: Todo fetched: 691b30fd343ff7fd169a9fa9
2025-11-17 15:28:13 [INFO]: PUT /api/todos/691b30fd343ff7fd169a9fad - 17/11/2025 15:28:13
2025-11-17 15:28:13 [INFO]: Todo updated: 691b30fd343ff7fd169a9fad
2025-11-17 15:28:13 [INFO]: DELETE /api/todos/691b30fd343ff7fd169a9fb1 - 17/11/2025 15:28:13
2025-11-17 15:28:13 [INFO]: Todo deleted: 691b30fd343ff7fd169a9fb1
2025-11-17 15:56:29 [INFO]: Todo created: 123
2025-11-17 15:56:29 [INFO]: Retrieved 2 todos
2025-11-17 15:56:29 [INFO]: Todo fetched: 691b379d1b4e471e7dd85be9
2025-11-17 15:56:29 [WARN]: No Todo found with ID: 691b379d1b4e471e7dd85be9
2025-11-17 15:56:29 [INFO]: Todo updated: 691b379d1b4e471e7dd85be9
2025-11-17 15:56:29 [WARN]: Update failed, Todo not found: 691b379d1b4e471e7dd85be9
2025-11-17 15:56:29 [INFO]: Todo deleted: 691b379d1b4e471e7dd85be9
2025-11-17 15:56:29 [WARN]: Delete failed, Todo not found: 691b379d1b4e471e7dd85be9
2025-11-17 15:56:30 [INFO]: POST /api/todos - 17/11/2025 15:56:30
2025-11-17 15:56:30 [INFO]: Todo created: 691b379e151df99e59166bd3
2025-11-17 15:56:30 [INFO]: GET /api/todos - 17/11/2025 15:56:30
2025-11-17 15:56:30 [INFO]: Retrieved 2 todos
2025-11-17 15:56:30 [INFO]: GET /api/todos/691b379e151df99e59166be0 - 17/11/2025 15:56:30
2025-11-17 15:56:30 [INFO]: Todo fetched: 691b379e151df99e59166be0
2025-11-17 15:56:30 [INFO]: PUT /api/todos/691b379e151df99e59166be4 - 17/11/2025 15:56:30
2025-11-17 15:56:30 [INFO]: Todo updated: 691b379e151df99e59166be4
2025-11-17 15:56:30 [INFO]: DELETE /api/todos/691b379e151df99e59166be8 - 17/11/2025 15:56:30
2025-11-17 15:56:30 [INFO]: Todo deleted: 691b379e151df99e59166be8
2025-11-17 15:58:55 [INFO]: Todo created: 123
2025-11-17 15:58:55 [INFO]: Retrieved 2 todos
2025-11-17 15:58:55 [INFO]: Todo fetched: 691b382f9a6039da5b3a8f96
2025-11-17 15:58:55 [WARN]: No Todo found with ID: 691b382f9a6039da5b3a8f96
2025-11-17 15:58:55 [INFO]: Todo updated: 691b382f9a6039da5b3a8f96
2025-11-17 15:58:55 [WARN]: Update failed, Todo not found: 691b382f9a6039da5b3a8f96
2025-11-17 15:58:55 [INFO]: Todo deleted: 691b382f9a6039da5b3a8f96
2025-11-17 15:58:55 [WARN]: Delete failed, Todo not found: 691b382f9a6039da5b3a8f96
2025-11-17 15:58:55 [INFO]: POST /api/todos - 17/11/2025 15:58:55
2025-11-17 15:58:55 [INFO]: Todo created: 691b382fe0118e5365d881d8
2025-11-17 15:58:55 [INFO]: GET /api/todos - 17/11/2025 15:58:55
2025-11-17 15:58:55 [INFO]: Retrieved 2 todos
2025-11-17 15:58:55 [INFO]: GET /api/todos/691b382fe0118e5365d881e5 - 17/11/2025 15:58:55
2025-11-17 15:58:55 [INFO]: Todo fetched: 691b382fe0118e5365d881e5
2025-11-17 15:58:55 [INFO]: PUT /api/todos/691b382fe0118e5365d881e9 - 17/11/2025 15:58:55
2025-11-17 15:58:55 [INFO]: Todo updated: 691b382fe0118e5365d881e9
2025-11-17 15:58:55 [INFO]: DELETE /api/todos/691b382fe0118e5365d881ed - 17/11/2025 15:58:55
2025-11-17 15:58:55 [INFO]: Todo deleted: 691b382fe0118e5365d881ed
2025-11-17 16:00:51 [INFO]: Todo created: 123
2025-11-17 16:00:51 [INFO]: Retrieved 2 todos
2025-11-17 16:00:51 [INFO]: Todo fetched: 691b38a3930b24255a08a18e
2025-11-17 16:00:51 [WARN]: No Todo found with ID: 691b38a3930b24255a08a18e
2025-11-17 16:00:51 [INFO]: Todo updated: 691b38a3930b24255a08a18e
2025-11-17 16:00:51 [WARN]: Update failed, Todo not found: 691b38a3930b24255a08a18e
2025-11-17 16:00:51 [INFO]: Todo deleted: 691b38a3930b24255a08a18e
2025-11-17 16:00:51 [WARN]: Delete failed, Todo not found: 691b38a3930b24255a08a18e
2025-11-17 16:00:52 [INFO]: POST /api/todos - 17/11/2025 16:00:52
2025-11-17 16:00:52 [INFO]: Todo created: 691b38a4d6e980971685bdbc
2025-11-17 16:00:52 [INFO]: GET /api/todos - 17/11/2025 16:00:52
2025-11-17 16:00:52 [INFO]: Retrieved 2 todos
2025-11-17 16:00:52 [INFO]: GET /api/todos/691b38a4d6e980971685bdc9 - 17/11/2025 16:00:52
2025-11-17 16:00:52 [INFO]: Todo fetched: 691b38a4d6e980971685bdc9
2025-11-17 16:00:52 [INFO]: PUT /api/todos/691b38a4d6e980971685bdcd - 17/11/2025 16:00:52
2025-11-17 16:00:52 [INFO]: Todo updated: 691b38a4d6e980971685bdcd
2025-11-17 16:00:52 [INFO]: DELETE /api/todos/691b38a4d6e980971685bdd1 - 17/11/2025 16:00:52
2025-11-17 16:00:52 [INFO]: Todo deleted: 691b38a4d6e980971685bdd1
2025-11-17 16:03:08 [INFO]: Todo created: 123
2025-11-17 16:03:08 [INFO]: Retrieved 2 todos
2025-11-17 16:03:08 [INFO]: Todo fetched: 691b392c3429e5fae7979242
2025-11-17 16:03:08 [WARN]: No Todo found with ID: 691b392c3429e5fae7979242
2025-11-17 16:03:08 [INFO]: Todo updated: 691b392c3429e5fae7979242
2025-11-17 16:03:08 [WARN]: Update failed, Todo not found: 691b392c3429e5fae7979242
2025-11-17 16:03:08 [INFO]: Todo deleted: 691b392c3429e5fae7979242
2025-11-17 16:03:08 [WARN]: Delete failed, Todo not found: 691b392c3429e5fae7979242
2025-11-17 16:03:08 [INFO]: POST /api/todos - 17/11/2025 16:03:08
2025-11-17 16:03:08 [INFO]: Todo created: 691b392cbb386003ec26825e
2025-11-17 16:03:08 [INFO]: GET /api/todos - 17/11/2025 16:03:08
2025-11-17 16:03:08 [INFO]: Retrieved 2 todos
2025-11-17 16:03:08 [INFO]: GET /api/todos/691b392cbb386003ec26826b - 17/11/2025 16:03:08
2025-11-17 16:03:08 [INFO]: Todo fetched: 691b392cbb386003ec26826b
2025-11-17 16:03:08 [INFO]: PUT /api/todos/691b392cbb386003ec26826f - 17/11/2025 16:03:08
2025-11-17 16:03:08 [INFO]: Todo updated: 691b392cbb386003ec26826f
2025-11-17 16:03:08 [INFO]: DELETE /api/todos/691b392cbb386003ec268273 - 17/11/2025 16:03:08
2025-11-17 16:03:08 [INFO]: Todo deleted: 691b392cbb386003ec268273
